<?xml version="1.0" encoding="UTF-8"?>
<testsuite xmlns:xsi="http://www.w3.org/2001/XMLSchema-instance" xsi:noNamespaceSchemaLocation="https://maven.apache.org/surefire/maven-surefire-plugin/xsd/surefire-test-report-3.0.xsd" version="3.0" name="runner.CucumberTest" time="595.956" tests="4" errors="0" skipped="0" failures="0">
  <properties>
    <property name="java.specification.version" value="21"/>
    <property name="sun.jnu.encoding" value="UTF-8"/>
    <property name="java.class.path" value="/Users/udanakodikara/Documents/UOM/Level 4/ITQA/Group Project/Main Project/IT-Quality-Assurance-Assignment/target/test-classes:/Users/udanakodikara/Documents/UOM/Level 4/ITQA/Group Project/Main Project/IT-Quality-Assurance-Assignment/target/classes:/Users/udanakodikara/.m2/repository/net/serenity-bdd/serenity-core/4.2.8/serenity-core-4.2.8.jar:/Users/udanakodikara/.m2/repository/net/serenity-bdd/serenity-model/4.2.8/serenity-model-4.2.8.jar:/Users/udanakodikara/.m2/repository/org/apache/commons/commons-text/1.12.0/commons-text-1.12.0.jar:/Users/udanakodikara/.m2/repository/commons-net/commons-net/3.11.1/commons-net-3.11.1.jar:/Users/udanakodikara/.m2/repository/com/google/guava/guava/33.3.1-jre/guava-33.3.1-jre.jar:/Users/udanakodikara/.m2/repository/com/google/guava/failureaccess/1.0.2/failureaccess-1.0.2.jar:/Users/udanakodikara/.m2/repository/com/google/guava/listenablefuture/9999.0-empty-to-avoid-conflict-with-guava/listenablefuture-9999.0-empty-to-avoid-conflict-with-guava.jar:/Users/udanakodikara/.m2/repository/com/google/code/findbugs/jsr305/3.0.2/jsr305-3.0.2.jar:/Users/udanakodikara/.m2/repository/org/checkerframework/checker-qual/3.43.0/checker-qual-3.43.0.jar:/Users/udanakodikara/.m2/repository/com/google/j2objc/j2objc-annotations/3.0.0/j2objc-annotations-3.0.0.jar:/Users/udanakodikara/.m2/repository/org/jsoup/jsoup/1.15.4/jsoup-1.15.4.jar:/Users/udanakodikara/.m2/repository/com/thoughtworks/xstream/xstream/1.4.21/xstream-1.4.21.jar:/Users/udanakodikara/.m2/repository/io/github/x-stream/mxparser/1.2.2/mxparser-1.2.2.jar:/Users/udanakodikara/.m2/repository/xmlpull/xmlpull/1.1.3.1/xmlpull-1.1.3.1.jar:/Users/udanakodikara/.m2/repository/com/opencsv/opencsv/5.9/opencsv-5.9.jar:/Users/udanakodikara/.m2/repository/commons-beanutils/commons-beanutils/1.9.4/commons-beanutils-1.9.4.jar:/Users/udanakodikara/.m2/repository/commons-collections/commons-collections/3.2.2/commons-collections-3.2.2.jar:/Users/udanakodikara/.m2/repository/org/apache/commons/commons-collections4/4.4/commons-collections4-4.4.jar:/Users/udanakodikara/.m2/repository/com/typesafe/config/1.4.3/config-1.4.3.jar:/Users/udanakodikara/.m2/repository/org/imgscalr/imgscalr-lib/4.2/imgscalr-lib-4.2.jar:/Users/udanakodikara/.m2/repository/org/awaitility/awaitility/4.2.2/awaitility-4.2.2.jar:/Users/udanakodikara/.m2/repository/org/freemarker/freemarker/2.3.33/freemarker-2.3.33.jar:/Users/udanakodikara/.m2/repository/io/github/classgraph/classgraph/4.8.157/classgraph-4.8.157.jar:/Users/udanakodikara/.m2/repository/com/github/ben-manes/caffeine/caffeine/2.9.2/caffeine-2.9.2.jar:/Users/udanakodikara/.m2/repository/org/ehcache/ehcache/3.10.8/ehcache-3.10.8.jar:/Users/udanakodikara/.m2/repository/javax/cache/cache-api/1.1.0/cache-api-1.1.0.jar:/Users/udanakodikara/.m2/repository/net/sourceforge/jexcelapi/jxl/2.6.12/jxl-2.6.12.jar:/Users/udanakodikara/.m2/repository/net/bytebuddy/byte-buddy-agent/1.15.2/byte-buddy-agent-1.15.2.jar:/Users/udanakodikara/.m2/repository/org/objenesis/objenesis/3.4/objenesis-3.4.jar:/Users/udanakodikara/.m2/repository/com/vladsch/flexmark/flexmark-all/0.64.8/flexmark-all-0.64.8.jar:/Users/udanakodikara/.m2/repository/com/vladsch/flexmark/flexmark/0.64.8/flexmark-0.64.8.jar:/Users/udanakodikara/.m2/repository/com/vladsch/flexmark/flexmark-ext-abbreviation/0.64.8/flexmark-ext-abbreviation-0.64.8.jar:/Users/udanakodikara/.m2/repository/com/vladsch/flexmark/flexmark-ext-admonition/0.64.8/flexmark-ext-admonition-0.64.8.jar:/Users/udanakodikara/.m2/repository/com/vladsch/flexmark/flexmark-ext-anchorlink/0.64.8/flexmark-ext-anchorlink-0.64.8.jar:/Users/udanakodikara/.m2/repository/com/vladsch/flexmark/flexmark-ext-aside/0.64.8/flexmark-ext-aside-0.64.8.jar:/Users/udanakodikara/.m2/repository/com/vladsch/flexmark/flexmark-ext-attributes/0.64.8/flexmark-ext-attributes-0.64.8.jar:/Users/udanakodikara/.m2/repository/com/vladsch/flexmark/flexmark-ext-autolink/0.64.8/flexmark-ext-autolink-0.64.8.jar:/Users/udanakodikara/.m2/repository/org/nibor/autolink/autolink/0.6.0/autolink-0.6.0.jar:/Users/udanakodikara/.m2/repository/com/vladsch/flexmark/flexmark-ext-definition/0.64.8/flexmark-ext-definition-0.64.8.jar:/Users/udanakodikara/.m2/repository/com/vladsch/flexmark/flexmark-ext-emoji/0.64.8/flexmark-ext-emoji-0.64.8.jar:/Users/udanakodikara/.m2/repository/com/vladsch/flexmark/flexmark-ext-enumerated-reference/0.64.8/flexmark-ext-enumerated-reference-0.64.8.jar:/Users/udanakodikara/.m2/repository/com/vladsch/flexmark/flexmark-ext-escaped-character/0.64.8/flexmark-ext-escaped-character-0.64.8.jar:/Users/udanakodikara/.m2/repository/com/vladsch/flexmark/flexmark-ext-footnotes/0.64.8/flexmark-ext-footnotes-0.64.8.jar:/Users/udanakodikara/.m2/repository/com/vladsch/flexmark/flexmark-ext-gfm-issues/0.64.8/flexmark-ext-gfm-issues-0.64.8.jar:/Users/udanakodikara/.m2/repository/com/vladsch/flexmark/flexmark-ext-gfm-strikethrough/0.64.8/flexmark-ext-gfm-strikethrough-0.64.8.jar:/Users/udanakodikara/.m2/repository/com/vladsch/flexmark/flexmark-ext-gfm-tasklist/0.64.8/flexmark-ext-gfm-tasklist-0.64.8.jar:/Users/udanakodikara/.m2/repository/com/vladsch/flexmark/flexmark-ext-gfm-users/0.64.8/flexmark-ext-gfm-users-0.64.8.jar:/Users/udanakodikara/.m2/repository/com/vladsch/flexmark/flexmark-ext-gitlab/0.64.8/flexmark-ext-gitlab-0.64.8.jar:/Users/udanakodikara/.m2/repository/com/vladsch/flexmark/flexmark-ext-jekyll-front-matter/0.64.8/flexmark-ext-jekyll-front-matter-0.64.8.jar:/Users/udanakodikara/.m2/repository/com/vladsch/flexmark/flexmark-ext-jekyll-tag/0.64.8/flexmark-ext-jekyll-tag-0.64.8.jar:/Users/udanakodikara/.m2/repository/com/vladsch/flexmark/flexmark-ext-media-tags/0.64.8/flexmark-ext-media-tags-0.64.8.jar:/Users/udanakodikara/.m2/repository/com/vladsch/flexmark/flexmark-ext-macros/0.64.8/flexmark-ext-macros-0.64.8.jar:/Users/udanakodikara/.m2/repository/com/vladsch/flexmark/flexmark-ext-ins/0.64.8/flexmark-ext-ins-0.64.8.jar:/Users/udanakodikara/.m2/repository/com/vladsch/flexmark/flexmark-ext-xwiki-macros/0.64.8/flexmark-ext-xwiki-macros-0.64.8.jar:/Users/udanakodikara/.m2/repository/com/vladsch/flexmark/flexmark-ext-superscript/0.64.8/flexmark-ext-superscript-0.64.8.jar:/Users/udanakodikara/.m2/repository/com/vladsch/flexmark/flexmark-ext-toc/0.64.8/flexmark-ext-toc-0.64.8.jar:/Users/udanakodikara/.m2/repository/com/vladsch/flexmark/flexmark-ext-typographic/0.64.8/flexmark-ext-typographic-0.64.8.jar:/Users/udanakodikara/.m2/repository/com/vladsch/flexmark/flexmark-ext-wikilink/0.64.8/flexmark-ext-wikilink-0.64.8.jar:/Users/udanakodikara/.m2/repository/com/vladsch/flexmark/flexmark-ext-yaml-front-matter/0.64.8/flexmark-ext-yaml-front-matter-0.64.8.jar:/Users/udanakodikara/.m2/repository/com/vladsch/flexmark/flexmark-ext-youtube-embedded/0.64.8/flexmark-ext-youtube-embedded-0.64.8.jar:/Users/udanakodikara/.m2/repository/com/vladsch/flexmark/flexmark-html2md-converter/0.64.8/flexmark-html2md-converter-0.64.8.jar:/Users/udanakodikara/.m2/repository/com/vladsch/flexmark/flexmark-jira-converter/0.64.8/flexmark-jira-converter-0.64.8.jar:/Users/udanakodikara/.m2/repository/com/vladsch/flexmark/flexmark-pdf-converter/0.64.8/flexmark-pdf-converter-0.64.8.jar:/Users/udanakodikara/.m2/repository/com/openhtmltopdf/openhtmltopdf-core/1.0.10/openhtmltopdf-core-1.0.10.jar:/Users/udanakodikara/.m2/repository/com/openhtmltopdf/openhtmltopdf-pdfbox/1.0.10/openhtmltopdf-pdfbox-1.0.10.jar:/Users/udanakodikara/.m2/repository/org/apache/pdfbox/pdfbox/2.0.24/pdfbox-2.0.24.jar:/Users/udanakodikara/.m2/repository/org/apache/pdfbox/fontbox/2.0.24/fontbox-2.0.24.jar:/Users/udanakodikara/.m2/repository/org/apache/pdfbox/xmpbox/2.0.24/xmpbox-2.0.24.jar:/Users/udanakodikara/.m2/repository/de/rototor/pdfbox/graphics2d/0.32/graphics2d-0.32.jar:/Users/udanakodikara/.m2/repository/com/openhtmltopdf/openhtmltopdf-rtl-support/1.0.10/openhtmltopdf-rtl-support-1.0.10.jar:/Users/udanakodikara/.m2/repository/com/vladsch/flexmark/flexmark-profile-pegdown/0.64.8/flexmark-profile-pegdown-0.64.8.jar:/Users/udanakodikara/.m2/repository/com/vladsch/flexmark/flexmark-util-ast/0.64.8/flexmark-util-ast-0.64.8.jar:/Users/udanakodikara/.m2/repository/com/vladsch/flexmark/flexmark-util-builder/0.64.8/flexmark-util-builder-0.64.8.jar:/Users/udanakodikara/.m2/repository/com/vladsch/flexmark/flexmark-util-collection/0.64.8/flexmark-util-collection-0.64.8.jar:/Users/udanakodikara/.m2/repository/com/vladsch/flexmark/flexmark-util-data/0.64.8/flexmark-util-data-0.64.8.jar:/Users/udanakodikara/.m2/repository/com/vladsch/flexmark/flexmark-util-dependency/0.64.8/flexmark-util-dependency-0.64.8.jar:/Users/udanakodikara/.m2/repository/com/vladsch/flexmark/flexmark-util-format/0.64.8/flexmark-util-format-0.64.8.jar:/Users/udanakodikara/.m2/repository/com/vladsch/flexmark/flexmark-util-html/0.64.8/flexmark-util-html-0.64.8.jar:/Users/udanakodikara/.m2/repository/com/vladsch/flexmark/flexmark-util-misc/0.64.8/flexmark-util-misc-0.64.8.jar:/Users/udanakodikara/.m2/repository/com/vladsch/flexmark/flexmark-util-options/0.64.8/flexmark-util-options-0.64.8.jar:/Users/udanakodikara/.m2/repository/com/vladsch/flexmark/flexmark-util-sequence/0.64.8/flexmark-util-sequence-0.64.8.jar:/Users/udanakodikara/.m2/repository/com/vladsch/flexmark/flexmark-util-visitor/0.64.8/flexmark-util-visitor-0.64.8.jar:/Users/udanakodikara/.m2/repository/com/vladsch/flexmark/flexmark-youtrack-converter/0.64.8/flexmark-youtrack-converter-0.64.8.jar:/Users/udanakodikara/.m2/repository/com/vladsch/flexmark/flexmark-ext-resizable-image/0.64.8/flexmark-ext-resizable-image-0.64.8.jar:/Users/udanakodikara/.m2/repository/com/vladsch/flexmark/flexmark-ext-tables/0.64.8/flexmark-ext-tables-0.64.8.jar:/Users/udanakodikara/.m2/repository/com/vladsch/flexmark/flexmark-util/0.64.8/flexmark-util-0.64.8.jar:/Users/udanakodikara/.m2/repository/net/serenity-bdd/serenity-reports/4.2.8/serenity-reports-4.2.8.jar:/Users/udanakodikara/.m2/repository/net/serenity-bdd/serenity-stats/4.2.8/serenity-stats-4.2.8.jar:/Users/udanakodikara/.m2/repository/net/serenity-bdd/serenity-reports-configuration/4.2.8/serenity-reports-configuration-4.2.8.jar:/Users/udanakodikara/.m2/repository/com/ibm/icu/icu4j/72.1/icu4j-72.1.jar:/Users/udanakodikara/.m2/repository/es/nitaur/markdown/txtmark/0.16/txtmark-0.16.jar:/Users/udanakodikara/.m2/repository/net/serenity-bdd/serenity-report-resources/4.2.8/serenity-report-resources-4.2.8.jar:/Users/udanakodikara/.m2/repository/com/google/code/gson/gson/2.11.0/gson-2.11.0.jar:/Users/udanakodikara/.m2/repository/com/google/errorprone/error_prone_annotations/2.27.0/error_prone_annotations-2.27.0.jar:/Users/udanakodikara/.m2/repository/com/fasterxml/jackson/core/jackson-core/2.18.1/jackson-core-2.18.1.jar:/Users/udanakodikara/.m2/repository/com/fasterxml/jackson/core/jackson-databind/2.18.1/jackson-databind-2.18.1.jar:/Users/udanakodikara/.m2/repository/com/fasterxml/jackson/core/jackson-annotations/2.18.1/jackson-annotations-2.18.1.jar:/Users/udanakodikara/.m2/repository/commons-codec/commons-codec/1.17.1/commons-codec-1.17.1.jar:/Users/udanakodikara/.m2/repository/commons-io/commons-io/2.17.0/commons-io-2.17.0.jar:/Users/udanakodikara/.m2/repository/org/apache/httpcomponents/httpclient/4.5.13/httpclient-4.5.13.jar:/Users/udanakodikara/.m2/repository/org/apache/httpcomponents/httpcore/4.4.13/httpcore-4.4.13.jar:/Users/udanakodikara/.m2/repository/commons-logging/commons-logging/1.2/commons-logging-1.2.jar:/Users/udanakodikara/.m2/repository/org/seleniumhq/selenium/selenium-java/4.26.0/selenium-java-4.26.0.jar:/Users/udanakodikara/.m2/repository/org/seleniumhq/selenium/selenium-devtools-v128/4.26.0/selenium-devtools-v128-4.26.0.jar:/Users/udanakodikara/.m2/repository/org/seleniumhq/selenium/selenium-devtools-v129/4.26.0/selenium-devtools-v129-4.26.0.jar:/Users/udanakodikara/.m2/repository/org/seleniumhq/selenium/selenium-devtools-v130/4.26.0/selenium-devtools-v130-4.26.0.jar:/Users/udanakodikara/.m2/repository/org/seleniumhq/selenium/selenium-devtools-v85/4.26.0/selenium-devtools-v85-4.26.0.jar:/Users/udanakodikara/.m2/repository/org/seleniumhq/selenium/selenium-remote-driver/4.26.0/selenium-remote-driver-4.26.0.jar:/Users/udanakodikara/.m2/repository/io/opentelemetry/semconv/opentelemetry-semconv/1.25.0-alpha/opentelemetry-semconv-1.25.0-alpha.jar:/Users/udanakodikara/.m2/repository/io/opentelemetry/opentelemetry-api/1.43.0/opentelemetry-api-1.43.0.jar:/Users/udanakodikara/.m2/repository/io/opentelemetry/opentelemetry-context/1.43.0/opentelemetry-context-1.43.0.jar:/Users/udanakodikara/.m2/repository/io/opentelemetry/opentelemetry-exporter-logging/1.43.0/opentelemetry-exporter-logging-1.43.0.jar:/Users/udanakodikara/.m2/repository/io/opentelemetry/opentelemetry-sdk-common/1.43.0/opentelemetry-sdk-common-1.43.0.jar:/Users/udanakodikara/.m2/repository/io/opentelemetry/opentelemetry-sdk-extension-autoconfigure-spi/1.43.0/opentelemetry-sdk-extension-autoconfigure-spi-1.43.0.jar:/Users/udanakodikara/.m2/repository/io/opentelemetry/opentelemetry-sdk-extension-autoconfigure/1.43.0/opentelemetry-sdk-extension-autoconfigure-1.43.0.jar:/Users/udanakodikara/.m2/repository/io/opentelemetry/opentelemetry-api-incubator/1.43.0-alpha/opentelemetry-api-incubator-1.43.0-alpha.jar:/Users/udanakodikara/.m2/repository/io/opentelemetry/opentelemetry-sdk-trace/1.43.0/opentelemetry-sdk-trace-1.43.0.jar:/Users/udanakodikara/.m2/repository/io/opentelemetry/opentelemetry-sdk/1.43.0/opentelemetry-sdk-1.43.0.jar:/Users/udanakodikara/.m2/repository/io/opentelemetry/opentelemetry-sdk-metrics/1.43.0/opentelemetry-sdk-metrics-1.43.0.jar:/Users/udanakodikara/.m2/repository/io/opentelemetry/opentelemetry-sdk-logs/1.43.0/opentelemetry-sdk-logs-1.43.0.jar:/Users/udanakodikara/.m2/repository/org/seleniumhq/selenium/selenium-os/4.26.0/selenium-os-4.26.0.jar:/Users/udanakodikara/.m2/repository/org/apache/commons/commons-exec/1.4.0/commons-exec-1.4.0.jar:/Users/udanakodikara/.m2/repository/org/seleniumhq/selenium/selenium-safari-driver/4.26.0/selenium-safari-driver-4.26.0.jar:/Users/udanakodikara/.m2/repository/org/seleniumhq/selenium/selenium-api/4.26.0/selenium-api-4.26.0.jar:/Users/udanakodikara/.m2/repository/org/jspecify/jspecify/1.0.0/jspecify-1.0.0.jar:/Users/udanakodikara/.m2/repository/org/seleniumhq/selenium/selenium-support/4.26.0/selenium-support-4.26.0.jar:/Users/udanakodikara/.m2/repository/com/google/auto/service/auto-service-annotations/1.1.1/auto-service-annotations-1.1.1.jar:/Users/udanakodikara/.m2/repository/org/seleniumhq/selenium/selenium-json/4.26.0/selenium-json-4.26.0.jar:/Users/udanakodikara/.m2/repository/org/seleniumhq/selenium/selenium-chrome-driver/4.26.0/selenium-chrome-driver-4.26.0.jar:/Users/udanakodikara/.m2/repository/org/seleniumhq/selenium/selenium-chromium-driver/4.26.0/selenium-chromium-driver-4.26.0.jar:/Users/udanakodikara/.m2/repository/org/seleniumhq/selenium/selenium-manager/4.26.0/selenium-manager-4.26.0.jar:/Users/udanakodikara/.m2/repository/org/seleniumhq/selenium/selenium-firefox-driver/4.26.0/selenium-firefox-driver-4.26.0.jar:/Users/udanakodikara/.m2/repository/org/seleniumhq/selenium/selenium-http/4.26.0/selenium-http-4.26.0.jar:/Users/udanakodikara/.m2/repository/dev/failsafe/failsafe/3.3.2/failsafe-3.3.2.jar:/Users/udanakodikara/.m2/repository/org/seleniumhq/selenium/selenium-edge-driver/4.26.0/selenium-edge-driver-4.26.0.jar:/Users/udanakodikara/.m2/repository/org/seleniumhq/selenium/selenium-ie-driver/4.26.0/selenium-ie-driver-4.26.0.jar:/Users/udanakodikara/.m2/repository/org/htmlunit/htmlunit/4.5.0/htmlunit-4.5.0.jar:/Users/udanakodikara/.m2/repository/org/apache/httpcomponents/httpmime/4.5.14/httpmime-4.5.14.jar:/Users/udanakodikara/.m2/repository/org/htmlunit/htmlunit-core-js/4.5.0/htmlunit-core-js-4.5.0.jar:/Users/udanakodikara/.m2/repository/org/htmlunit/neko-htmlunit/4.5.0/neko-htmlunit-4.5.0.jar:/Users/udanakodikara/.m2/repository/org/htmlunit/htmlunit-cssparser/4.5.0/htmlunit-cssparser-4.5.0.jar:/Users/udanakodikara/.m2/repository/org/htmlunit/htmlunit-xpath/4.5.0/htmlunit-xpath-4.5.0.jar:/Users/udanakodikara/.m2/repository/org/htmlunit/htmlunit-csp/4.5.0/htmlunit-csp-4.5.0.jar:/Users/udanakodikara/.m2/repository/org/htmlunit/htmlunit-websocket-client/4.5.0/htmlunit-websocket-client-4.5.0.jar:/Users/udanakodikara/.m2/repository/org/brotli/dec/0.1.2/dec-0.1.2.jar:/Users/udanakodikara/.m2/repository/org/seleniumhq/selenium/htmlunit3-driver/4.25.0/htmlunit3-driver-4.25.0.jar:/Users/udanakodikara/.m2/repository/io/appium/java-client/9.3.0/java-client-9.3.0.jar:/Users/udanakodikara/.m2/repository/org/apache/groovy/groovy/4.0.23/groovy-4.0.23.jar:/Users/udanakodikara/.m2/repository/net/sf/opencsv/opencsv/2.3/opencsv-2.3.jar:/Users/udanakodikara/.m2/repository/org/apache/commons/commons-lang3/3.17.0/commons-lang3-3.17.0.jar:/Users/udanakodikara/.m2/repository/org/apache/commons/commons-compress/1.27.1/commons-compress-1.27.1.jar:/Users/udanakodikara/.m2/repository/org/fluentlenium/fluentlenium-core/0.10.2/fluentlenium-core-0.10.2.jar:/Users/udanakodikara/.m2/repository/com/jhlabs/filters/2.0.235/filters-2.0.235.jar:/Users/udanakodikara/.m2/repository/com/paulhammant/ngwebdriver/1.2/ngwebdriver-1.2.jar:/Users/udanakodikara/.m2/repository/joda-time/joda-time/2.13.0/joda-time-2.13.0.jar:/Users/udanakodikara/.m2/repository/org/hamcrest/hamcrest/2.2/hamcrest-2.2.jar:/Users/udanakodikara/.m2/repository/com/google/jimfs/jimfs/1.3.0/jimfs-1.3.0.jar:/Users/udanakodikara/.m2/repository/org/mockito/mockito-core/3.3.3/mockito-core-3.3.3.jar:/Users/udanakodikara/.m2/repository/javax/xml/bind/jaxb-api/2.3.1/jaxb-api-2.3.1.jar:/Users/udanakodikara/.m2/repository/javax/activation/javax.activation-api/1.2.0/javax.activation-api-1.2.0.jar:/Users/udanakodikara/.m2/repository/com/sun/xml/bind/jaxb-core/2.3.0.1/jaxb-core-2.3.0.1.jar:/Users/udanakodikara/.m2/repository/com/sun/xml/bind/jaxb-impl/2.3.3/jaxb-impl-2.3.3.jar:/Users/udanakodikara/.m2/repository/jakarta/xml/bind/jakarta.xml.bind-api/2.3.3/jakarta.xml.bind-api-2.3.3.jar:/Users/udanakodikara/.m2/repository/com/sun/activation/jakarta.activation/1.2.2/jakarta.activation-1.2.2.jar:/Users/udanakodikara/.m2/repository/javax/activation/activation/1.1.1/activation-1.1.1.jar:/Users/udanakodikara/.m2/repository/net/serenity-bdd/serenity-cucumber/4.2.8/serenity-cucumber-4.2.8.jar:/Users/udanakodikara/.m2/repository/io/cucumber/cucumber-core/7.20.1/cucumber-core-7.20.1.jar:/Users/udanakodikara/.m2/repository/io/cucumber/cucumber-gherkin/7.20.1/cucumber-gherkin-7.20.1.jar:/Users/udanakodikara/.m2/repository/io/cucumber/cucumber-gherkin-messages/7.20.1/cucumber-gherkin-messages-7.20.1.jar:/Users/udanakodikara/.m2/repository/io/cucumber/gherkin/28.0.0/gherkin-28.0.0.jar:/Users/udanakodikara/.m2/repository/io/cucumber/messages/24.1.0/messages-24.1.0.jar:/Users/udanakodikara/.m2/repository/io/cucumber/testng-xml-formatter/0.2.0/testng-xml-formatter-0.2.0.jar:/Users/udanakodikara/.m2/repository/io/cucumber/query/12.2.0/query-12.2.0.jar:/Users/udanakodikara/.m2/repository/io/cucumber/cucumber-expressions/17.1.0/cucumber-expressions-17.1.0.jar:/Users/udanakodikara/.m2/repository/io/cucumber/datatable/7.20.1/datatable-7.20.1.jar:/Users/udanakodikara/.m2/repository/io/cucumber/cucumber-plugin/7.20.1/cucumber-plugin-7.20.1.jar:/Users/udanakodikara/.m2/repository/io/cucumber/docstring/7.20.1/docstring-7.20.1.jar:/Users/udanakodikara/.m2/repository/io/cucumber/html-formatter/21.7.0/html-formatter-21.7.0.jar:/Users/udanakodikara/.m2/repository/io/cucumber/junit-xml-formatter/0.5.0/junit-xml-formatter-0.5.0.jar:/Users/udanakodikara/.m2/repository/io/cucumber/ci-environment/10.0.1/ci-environment-10.0.1.jar:/Users/udanakodikara/.m2/repository/io/cucumber/cucumber-java/7.20.1/cucumber-java-7.20.1.jar:/Users/udanakodikara/.m2/repository/io/cucumber/cucumber-junit/7.20.1/cucumber-junit-7.20.1.jar:/Users/udanakodikara/.m2/repository/org/apache/commons/commons-csv/1.12.0/commons-csv-1.12.0.jar:/Users/udanakodikara/.m2/repository/net/serenity-bdd/serenity-screenplay/4.2.8/serenity-screenplay-4.2.8.jar:/Users/udanakodikara/.m2/repository/net/serenity-bdd/serenity-screenplay-webdriver/4.2.8/serenity-screenplay-webdriver-4.2.8.jar:/Users/udanakodikara/.m2/repository/net/serenity-bdd/serenity-ensure/4.2.8/serenity-ensure-4.2.8.jar:/Users/udanakodikara/.m2/repository/org/jetbrains/kotlin/kotlin-stdlib/2.0.21/kotlin-stdlib-2.0.21.jar:/Users/udanakodikara/.m2/repository/org/jetbrains/annotations/13.0/annotations-13.0.jar:/Users/udanakodikara/.m2/repository/net/serenity-bdd/serenity-junit5/4.2.8/serenity-junit5-4.2.8.jar:/Users/udanakodikara/.m2/repository/io/cucumber/tag-expressions/6.1.1/tag-expressions-6.1.1.jar:/Users/udanakodikara/.m2/repository/org/junit/jupiter/junit-jupiter-params/5.11.1/junit-jupiter-params-5.11.1.jar:/Users/udanakodikara/.m2/repository/junit/junit/4.13.2/junit-4.13.2.jar:/Users/udanakodikara/.m2/repository/org/junit/platform/junit-platform-launcher/1.11.3/junit-platform-launcher-1.11.3.jar:/Users/udanakodikara/.m2/repository/org/junit/platform/junit-platform-engine/1.11.3/junit-platform-engine-1.11.3.jar:/Users/udanakodikara/.m2/repository/org/apiguardian/apiguardian-api/1.1.2/apiguardian-api-1.1.2.jar:/Users/udanakodikara/.m2/repository/io/cucumber/cucumber-junit-platform-engine/7.20.1/cucumber-junit-platform-engine-7.20.1.jar:/Users/udanakodikara/.m2/repository/org/junit/platform/junit-platform-suite/1.11.3/junit-platform-suite-1.11.3.jar:/Users/udanakodikara/.m2/repository/org/junit/platform/junit-platform-suite-api/1.11.3/junit-platform-suite-api-1.11.3.jar:/Users/udanakodikara/.m2/repository/org/junit/platform/junit-platform-suite-engine/1.11.3/junit-platform-suite-engine-1.11.3.jar:/Users/udanakodikara/.m2/repository/org/junit/platform/junit-platform-suite-commons/1.11.3/junit-platform-suite-commons-1.11.3.jar:/Users/udanakodikara/.m2/repository/org/junit/jupiter/junit-jupiter-engine/5.11.3/junit-jupiter-engine-5.11.3.jar:/Users/udanakodikara/.m2/repository/org/junit/jupiter/junit-jupiter-api/5.11.3/junit-jupiter-api-5.11.3.jar:/Users/udanakodikara/.m2/repository/org/opentest4j/opentest4j/1.3.0/opentest4j-1.3.0.jar:/Users/udanakodikara/.m2/repository/org/junit/platform/junit-platform-commons/1.11.3/junit-platform-commons-1.11.3.jar:/Users/udanakodikara/.m2/repository/org/junit/vintage/junit-vintage-engine/5.11.3/junit-vintage-engine-5.11.3.jar:/Users/udanakodikara/.m2/repository/net/serenity-bdd/serenity-rest-assured/4.2.8/serenity-rest-assured-4.2.8.jar:/Users/udanakodikara/.m2/repository/io/rest-assured/rest-assured/5.5.0/rest-assured-5.5.0.jar:/Users/udanakodikara/.m2/repository/org/ccil/cowan/tagsoup/tagsoup/1.2.1/tagsoup-1.2.1.jar:/Users/udanakodikara/.m2/repository/io/rest-assured/json-path/5.5.0/json-path-5.5.0.jar:/Users/udanakodikara/.m2/repository/io/rest-assured/rest-assured-common/5.5.0/rest-assured-common-5.5.0.jar:/Users/udanakodikara/.m2/repository/io/rest-assured/xml-path/5.5.0/xml-path-5.5.0.jar:/Users/udanakodikara/.m2/repository/org/apache/groovy/groovy-json/4.0.23/groovy-json-4.0.23.jar:/Users/udanakodikara/.m2/repository/org/apache/groovy/groovy-xml/4.0.23/groovy-xml-4.0.23.jar:/Users/udanakodikara/.m2/repository/ch/qos/logback/logback-classic/1.5.15/logback-classic-1.5.15.jar:/Users/udanakodikara/.m2/repository/ch/qos/logback/logback-core/1.5.15/logback-core-1.5.15.jar:/Users/udanakodikara/.m2/repository/org/slf4j/slf4j-api/2.0.15/slf4j-api-2.0.15.jar:/Users/udanakodikara/.m2/repository/org/assertj/assertj-core/3.27.0/assertj-core-3.27.0.jar:/Users/udanakodikara/.m2/repository/net/bytebuddy/byte-buddy/1.15.11/byte-buddy-1.15.11.jar:"/>
    <property name="java.vm.vendor" value="Homebrew"/>
    <property name="sun.arch.data.model" value="64"/>
    <property name="java.vendor.url" value="https://github.com/Homebrew/homebrew-core/issues"/>
    <property name="user.timezone" value="Asia/Colombo"/>
    <property name="os.name" value="Mac OS X"/>
    <property name="java.vm.specification.version" value="21"/>
    <property name="sun.java.launcher" value="SUN_STANDARD"/>
    <property name="user.country" value="US"/>
    <property name="sun.boot.library.path" value="/opt/homebrew/Cellar/openjdk/21/libexec/openjdk.jdk/Contents/Home/lib"/>
    <property name="sun.java.command" value="/Users/udanakodikara/Documents/UOM/Level 4/ITQA/Group Project/Main Project/IT-Quality-Assurance-Assignment/target/surefire/surefirebooter-20241227030139288_3.jar /Users/udanakodikara/Documents/UOM/Level 4/ITQA/Group Project/Main Project/IT-Quality-Assurance-Assignment/target/surefire 2024-12-27T03-01-39_245-jvmRun1 surefire-20241227030139288_1tmp surefire_0-20241227030139288_2tmp"/>
    <property name="http.nonProxyHosts" value="local|*.local|169.254/16|*.169.254/16"/>
    <property name="jdk.debug" value="release"/>
    <property name="surefire.test.class.path" value="/Users/udanakodikara/Documents/UOM/Level 4/ITQA/Group Project/Main Project/IT-Quality-Assurance-Assignment/target/test-classes:/Users/udanakodikara/Documents/UOM/Level 4/ITQA/Group Project/Main Project/IT-Quality-Assurance-Assignment/target/classes:/Users/udanakodikara/.m2/repository/net/serenity-bdd/serenity-core/4.2.8/serenity-core-4.2.8.jar:/Users/udanakodikara/.m2/repository/net/serenity-bdd/serenity-model/4.2.8/serenity-model-4.2.8.jar:/Users/udanakodikara/.m2/repository/org/apache/commons/commons-text/1.12.0/commons-text-1.12.0.jar:/Users/udanakodikara/.m2/repository/commons-net/commons-net/3.11.1/commons-net-3.11.1.jar:/Users/udanakodikara/.m2/repository/com/google/guava/guava/33.3.1-jre/guava-33.3.1-jre.jar:/Users/udanakodikara/.m2/repository/com/google/guava/failureaccess/1.0.2/failureaccess-1.0.2.jar:/Users/udanakodikara/.m2/repository/com/google/guava/listenablefuture/9999.0-empty-to-avoid-conflict-with-guava/listenablefuture-9999.0-empty-to-avoid-conflict-with-guava.jar:/Users/udanakodikara/.m2/repository/com/google/code/findbugs/jsr305/3.0.2/jsr305-3.0.2.jar:/Users/udanakodikara/.m2/repository/org/checkerframework/checker-qual/3.43.0/checker-qual-3.43.0.jar:/Users/udanakodikara/.m2/repository/com/google/j2objc/j2objc-annotations/3.0.0/j2objc-annotations-3.0.0.jar:/Users/udanakodikara/.m2/repository/org/jsoup/jsoup/1.15.4/jsoup-1.15.4.jar:/Users/udanakodikara/.m2/repository/com/thoughtworks/xstream/xstream/1.4.21/xstream-1.4.21.jar:/Users/udanakodikara/.m2/repository/io/github/x-stream/mxparser/1.2.2/mxparser-1.2.2.jar:/Users/udanakodikara/.m2/repository/xmlpull/xmlpull/1.1.3.1/xmlpull-1.1.3.1.jar:/Users/udanakodikara/.m2/repository/com/opencsv/opencsv/5.9/opencsv-5.9.jar:/Users/udanakodikara/.m2/repository/commons-beanutils/commons-beanutils/1.9.4/commons-beanutils-1.9.4.jar:/Users/udanakodikara/.m2/repository/commons-collections/commons-collections/3.2.2/commons-collections-3.2.2.jar:/Users/udanakodikara/.m2/repository/org/apache/commons/commons-collections4/4.4/commons-collections4-4.4.jar:/Users/udanakodikara/.m2/repository/com/typesafe/config/1.4.3/config-1.4.3.jar:/Users/udanakodikara/.m2/repository/org/imgscalr/imgscalr-lib/4.2/imgscalr-lib-4.2.jar:/Users/udanakodikara/.m2/repository/org/awaitility/awaitility/4.2.2/awaitility-4.2.2.jar:/Users/udanakodikara/.m2/repository/org/freemarker/freemarker/2.3.33/freemarker-2.3.33.jar:/Users/udanakodikara/.m2/repository/io/github/classgraph/classgraph/4.8.157/classgraph-4.8.157.jar:/Users/udanakodikara/.m2/repository/com/github/ben-manes/caffeine/caffeine/2.9.2/caffeine-2.9.2.jar:/Users/udanakodikara/.m2/repository/org/ehcache/ehcache/3.10.8/ehcache-3.10.8.jar:/Users/udanakodikara/.m2/repository/javax/cache/cache-api/1.1.0/cache-api-1.1.0.jar:/Users/udanakodikara/.m2/repository/net/sourceforge/jexcelapi/jxl/2.6.12/jxl-2.6.12.jar:/Users/udanakodikara/.m2/repository/net/bytebuddy/byte-buddy-agent/1.15.2/byte-buddy-agent-1.15.2.jar:/Users/udanakodikara/.m2/repository/org/objenesis/objenesis/3.4/objenesis-3.4.jar:/Users/udanakodikara/.m2/repository/com/vladsch/flexmark/flexmark-all/0.64.8/flexmark-all-0.64.8.jar:/Users/udanakodikara/.m2/repository/com/vladsch/flexmark/flexmark/0.64.8/flexmark-0.64.8.jar:/Users/udanakodikara/.m2/repository/com/vladsch/flexmark/flexmark-ext-abbreviation/0.64.8/flexmark-ext-abbreviation-0.64.8.jar:/Users/udanakodikara/.m2/repository/com/vladsch/flexmark/flexmark-ext-admonition/0.64.8/flexmark-ext-admonition-0.64.8.jar:/Users/udanakodikara/.m2/repository/com/vladsch/flexmark/flexmark-ext-anchorlink/0.64.8/flexmark-ext-anchorlink-0.64.8.jar:/Users/udanakodikara/.m2/repository/com/vladsch/flexmark/flexmark-ext-aside/0.64.8/flexmark-ext-aside-0.64.8.jar:/Users/udanakodikara/.m2/repository/com/vladsch/flexmark/flexmark-ext-attributes/0.64.8/flexmark-ext-attributes-0.64.8.jar:/Users/udanakodikara/.m2/repository/com/vladsch/flexmark/flexmark-ext-autolink/0.64.8/flexmark-ext-autolink-0.64.8.jar:/Users/udanakodikara/.m2/repository/org/nibor/autolink/autolink/0.6.0/autolink-0.6.0.jar:/Users/udanakodikara/.m2/repository/com/vladsch/flexmark/flexmark-ext-definition/0.64.8/flexmark-ext-definition-0.64.8.jar:/Users/udanakodikara/.m2/repository/com/vladsch/flexmark/flexmark-ext-emoji/0.64.8/flexmark-ext-emoji-0.64.8.jar:/Users/udanakodikara/.m2/repository/com/vladsch/flexmark/flexmark-ext-enumerated-reference/0.64.8/flexmark-ext-enumerated-reference-0.64.8.jar:/Users/udanakodikara/.m2/repository/com/vladsch/flexmark/flexmark-ext-escaped-character/0.64.8/flexmark-ext-escaped-character-0.64.8.jar:/Users/udanakodikara/.m2/repository/com/vladsch/flexmark/flexmark-ext-footnotes/0.64.8/flexmark-ext-footnotes-0.64.8.jar:/Users/udanakodikara/.m2/repository/com/vladsch/flexmark/flexmark-ext-gfm-issues/0.64.8/flexmark-ext-gfm-issues-0.64.8.jar:/Users/udanakodikara/.m2/repository/com/vladsch/flexmark/flexmark-ext-gfm-strikethrough/0.64.8/flexmark-ext-gfm-strikethrough-0.64.8.jar:/Users/udanakodikara/.m2/repository/com/vladsch/flexmark/flexmark-ext-gfm-tasklist/0.64.8/flexmark-ext-gfm-tasklist-0.64.8.jar:/Users/udanakodikara/.m2/repository/com/vladsch/flexmark/flexmark-ext-gfm-users/0.64.8/flexmark-ext-gfm-users-0.64.8.jar:/Users/udanakodikara/.m2/repository/com/vladsch/flexmark/flexmark-ext-gitlab/0.64.8/flexmark-ext-gitlab-0.64.8.jar:/Users/udanakodikara/.m2/repository/com/vladsch/flexmark/flexmark-ext-jekyll-front-matter/0.64.8/flexmark-ext-jekyll-front-matter-0.64.8.jar:/Users/udanakodikara/.m2/repository/com/vladsch/flexmark/flexmark-ext-jekyll-tag/0.64.8/flexmark-ext-jekyll-tag-0.64.8.jar:/Users/udanakodikara/.m2/repository/com/vladsch/flexmark/flexmark-ext-media-tags/0.64.8/flexmark-ext-media-tags-0.64.8.jar:/Users/udanakodikara/.m2/repository/com/vladsch/flexmark/flexmark-ext-macros/0.64.8/flexmark-ext-macros-0.64.8.jar:/Users/udanakodikara/.m2/repository/com/vladsch/flexmark/flexmark-ext-ins/0.64.8/flexmark-ext-ins-0.64.8.jar:/Users/udanakodikara/.m2/repository/com/vladsch/flexmark/flexmark-ext-xwiki-macros/0.64.8/flexmark-ext-xwiki-macros-0.64.8.jar:/Users/udanakodikara/.m2/repository/com/vladsch/flexmark/flexmark-ext-superscript/0.64.8/flexmark-ext-superscript-0.64.8.jar:/Users/udanakodikara/.m2/repository/com/vladsch/flexmark/flexmark-ext-toc/0.64.8/flexmark-ext-toc-0.64.8.jar:/Users/udanakodikara/.m2/repository/com/vladsch/flexmark/flexmark-ext-typographic/0.64.8/flexmark-ext-typographic-0.64.8.jar:/Users/udanakodikara/.m2/repository/com/vladsch/flexmark/flexmark-ext-wikilink/0.64.8/flexmark-ext-wikilink-0.64.8.jar:/Users/udanakodikara/.m2/repository/com/vladsch/flexmark/flexmark-ext-yaml-front-matter/0.64.8/flexmark-ext-yaml-front-matter-0.64.8.jar:/Users/udanakodikara/.m2/repository/com/vladsch/flexmark/flexmark-ext-youtube-embedded/0.64.8/flexmark-ext-youtube-embedded-0.64.8.jar:/Users/udanakodikara/.m2/repository/com/vladsch/flexmark/flexmark-html2md-converter/0.64.8/flexmark-html2md-converter-0.64.8.jar:/Users/udanakodikara/.m2/repository/com/vladsch/flexmark/flexmark-jira-converter/0.64.8/flexmark-jira-converter-0.64.8.jar:/Users/udanakodikara/.m2/repository/com/vladsch/flexmark/flexmark-pdf-converter/0.64.8/flexmark-pdf-converter-0.64.8.jar:/Users/udanakodikara/.m2/repository/com/openhtmltopdf/openhtmltopdf-core/1.0.10/openhtmltopdf-core-1.0.10.jar:/Users/udanakodikara/.m2/repository/com/openhtmltopdf/openhtmltopdf-pdfbox/1.0.10/openhtmltopdf-pdfbox-1.0.10.jar:/Users/udanakodikara/.m2/repository/org/apache/pdfbox/pdfbox/2.0.24/pdfbox-2.0.24.jar:/Users/udanakodikara/.m2/repository/org/apache/pdfbox/fontbox/2.0.24/fontbox-2.0.24.jar:/Users/udanakodikara/.m2/repository/org/apache/pdfbox/xmpbox/2.0.24/xmpbox-2.0.24.jar:/Users/udanakodikara/.m2/repository/de/rototor/pdfbox/graphics2d/0.32/graphics2d-0.32.jar:/Users/udanakodikara/.m2/repository/com/openhtmltopdf/openhtmltopdf-rtl-support/1.0.10/openhtmltopdf-rtl-support-1.0.10.jar:/Users/udanakodikara/.m2/repository/com/vladsch/flexmark/flexmark-profile-pegdown/0.64.8/flexmark-profile-pegdown-0.64.8.jar:/Users/udanakodikara/.m2/repository/com/vladsch/flexmark/flexmark-util-ast/0.64.8/flexmark-util-ast-0.64.8.jar:/Users/udanakodikara/.m2/repository/com/vladsch/flexmark/flexmark-util-builder/0.64.8/flexmark-util-builder-0.64.8.jar:/Users/udanakodikara/.m2/repository/com/vladsch/flexmark/flexmark-util-collection/0.64.8/flexmark-util-collection-0.64.8.jar:/Users/udanakodikara/.m2/repository/com/vladsch/flexmark/flexmark-util-data/0.64.8/flexmark-util-data-0.64.8.jar:/Users/udanakodikara/.m2/repository/com/vladsch/flexmark/flexmark-util-dependency/0.64.8/flexmark-util-dependency-0.64.8.jar:/Users/udanakodikara/.m2/repository/com/vladsch/flexmark/flexmark-util-format/0.64.8/flexmark-util-format-0.64.8.jar:/Users/udanakodikara/.m2/repository/com/vladsch/flexmark/flexmark-util-html/0.64.8/flexmark-util-html-0.64.8.jar:/Users/udanakodikara/.m2/repository/com/vladsch/flexmark/flexmark-util-misc/0.64.8/flexmark-util-misc-0.64.8.jar:/Users/udanakodikara/.m2/repository/com/vladsch/flexmark/flexmark-util-options/0.64.8/flexmark-util-options-0.64.8.jar:/Users/udanakodikara/.m2/repository/com/vladsch/flexmark/flexmark-util-sequence/0.64.8/flexmark-util-sequence-0.64.8.jar:/Users/udanakodikara/.m2/repository/com/vladsch/flexmark/flexmark-util-visitor/0.64.8/flexmark-util-visitor-0.64.8.jar:/Users/udanakodikara/.m2/repository/com/vladsch/flexmark/flexmark-youtrack-converter/0.64.8/flexmark-youtrack-converter-0.64.8.jar:/Users/udanakodikara/.m2/repository/com/vladsch/flexmark/flexmark-ext-resizable-image/0.64.8/flexmark-ext-resizable-image-0.64.8.jar:/Users/udanakodikara/.m2/repository/com/vladsch/flexmark/flexmark-ext-tables/0.64.8/flexmark-ext-tables-0.64.8.jar:/Users/udanakodikara/.m2/repository/com/vladsch/flexmark/flexmark-util/0.64.8/flexmark-util-0.64.8.jar:/Users/udanakodikara/.m2/repository/net/serenity-bdd/serenity-reports/4.2.8/serenity-reports-4.2.8.jar:/Users/udanakodikara/.m2/repository/net/serenity-bdd/serenity-stats/4.2.8/serenity-stats-4.2.8.jar:/Users/udanakodikara/.m2/repository/net/serenity-bdd/serenity-reports-configuration/4.2.8/serenity-reports-configuration-4.2.8.jar:/Users/udanakodikara/.m2/repository/com/ibm/icu/icu4j/72.1/icu4j-72.1.jar:/Users/udanakodikara/.m2/repository/es/nitaur/markdown/txtmark/0.16/txtmark-0.16.jar:/Users/udanakodikara/.m2/repository/net/serenity-bdd/serenity-report-resources/4.2.8/serenity-report-resources-4.2.8.jar:/Users/udanakodikara/.m2/repository/com/google/code/gson/gson/2.11.0/gson-2.11.0.jar:/Users/udanakodikara/.m2/repository/com/google/errorprone/error_prone_annotations/2.27.0/error_prone_annotations-2.27.0.jar:/Users/udanakodikara/.m2/repository/com/fasterxml/jackson/core/jackson-core/2.18.1/jackson-core-2.18.1.jar:/Users/udanakodikara/.m2/repository/com/fasterxml/jackson/core/jackson-databind/2.18.1/jackson-databind-2.18.1.jar:/Users/udanakodikara/.m2/repository/com/fasterxml/jackson/core/jackson-annotations/2.18.1/jackson-annotations-2.18.1.jar:/Users/udanakodikara/.m2/repository/commons-codec/commons-codec/1.17.1/commons-codec-1.17.1.jar:/Users/udanakodikara/.m2/repository/commons-io/commons-io/2.17.0/commons-io-2.17.0.jar:/Users/udanakodikara/.m2/repository/org/apache/httpcomponents/httpclient/4.5.13/httpclient-4.5.13.jar:/Users/udanakodikara/.m2/repository/org/apache/httpcomponents/httpcore/4.4.13/httpcore-4.4.13.jar:/Users/udanakodikara/.m2/repository/commons-logging/commons-logging/1.2/commons-logging-1.2.jar:/Users/udanakodikara/.m2/repository/org/seleniumhq/selenium/selenium-java/4.26.0/selenium-java-4.26.0.jar:/Users/udanakodikara/.m2/repository/org/seleniumhq/selenium/selenium-devtools-v128/4.26.0/selenium-devtools-v128-4.26.0.jar:/Users/udanakodikara/.m2/repository/org/seleniumhq/selenium/selenium-devtools-v129/4.26.0/selenium-devtools-v129-4.26.0.jar:/Users/udanakodikara/.m2/repository/org/seleniumhq/selenium/selenium-devtools-v130/4.26.0/selenium-devtools-v130-4.26.0.jar:/Users/udanakodikara/.m2/repository/org/seleniumhq/selenium/selenium-devtools-v85/4.26.0/selenium-devtools-v85-4.26.0.jar:/Users/udanakodikara/.m2/repository/org/seleniumhq/selenium/selenium-remote-driver/4.26.0/selenium-remote-driver-4.26.0.jar:/Users/udanakodikara/.m2/repository/io/opentelemetry/semconv/opentelemetry-semconv/1.25.0-alpha/opentelemetry-semconv-1.25.0-alpha.jar:/Users/udanakodikara/.m2/repository/io/opentelemetry/opentelemetry-api/1.43.0/opentelemetry-api-1.43.0.jar:/Users/udanakodikara/.m2/repository/io/opentelemetry/opentelemetry-context/1.43.0/opentelemetry-context-1.43.0.jar:/Users/udanakodikara/.m2/repository/io/opentelemetry/opentelemetry-exporter-logging/1.43.0/opentelemetry-exporter-logging-1.43.0.jar:/Users/udanakodikara/.m2/repository/io/opentelemetry/opentelemetry-sdk-common/1.43.0/opentelemetry-sdk-common-1.43.0.jar:/Users/udanakodikara/.m2/repository/io/opentelemetry/opentelemetry-sdk-extension-autoconfigure-spi/1.43.0/opentelemetry-sdk-extension-autoconfigure-spi-1.43.0.jar:/Users/udanakodikara/.m2/repository/io/opentelemetry/opentelemetry-sdk-extension-autoconfigure/1.43.0/opentelemetry-sdk-extension-autoconfigure-1.43.0.jar:/Users/udanakodikara/.m2/repository/io/opentelemetry/opentelemetry-api-incubator/1.43.0-alpha/opentelemetry-api-incubator-1.43.0-alpha.jar:/Users/udanakodikara/.m2/repository/io/opentelemetry/opentelemetry-sdk-trace/1.43.0/opentelemetry-sdk-trace-1.43.0.jar:/Users/udanakodikara/.m2/repository/io/opentelemetry/opentelemetry-sdk/1.43.0/opentelemetry-sdk-1.43.0.jar:/Users/udanakodikara/.m2/repository/io/opentelemetry/opentelemetry-sdk-metrics/1.43.0/opentelemetry-sdk-metrics-1.43.0.jar:/Users/udanakodikara/.m2/repository/io/opentelemetry/opentelemetry-sdk-logs/1.43.0/opentelemetry-sdk-logs-1.43.0.jar:/Users/udanakodikara/.m2/repository/org/seleniumhq/selenium/selenium-os/4.26.0/selenium-os-4.26.0.jar:/Users/udanakodikara/.m2/repository/org/apache/commons/commons-exec/1.4.0/commons-exec-1.4.0.jar:/Users/udanakodikara/.m2/repository/org/seleniumhq/selenium/selenium-safari-driver/4.26.0/selenium-safari-driver-4.26.0.jar:/Users/udanakodikara/.m2/repository/org/seleniumhq/selenium/selenium-api/4.26.0/selenium-api-4.26.0.jar:/Users/udanakodikara/.m2/repository/org/jspecify/jspecify/1.0.0/jspecify-1.0.0.jar:/Users/udanakodikara/.m2/repository/org/seleniumhq/selenium/selenium-support/4.26.0/selenium-support-4.26.0.jar:/Users/udanakodikara/.m2/repository/com/google/auto/service/auto-service-annotations/1.1.1/auto-service-annotations-1.1.1.jar:/Users/udanakodikara/.m2/repository/org/seleniumhq/selenium/selenium-json/4.26.0/selenium-json-4.26.0.jar:/Users/udanakodikara/.m2/repository/org/seleniumhq/selenium/selenium-chrome-driver/4.26.0/selenium-chrome-driver-4.26.0.jar:/Users/udanakodikara/.m2/repository/org/seleniumhq/selenium/selenium-chromium-driver/4.26.0/selenium-chromium-driver-4.26.0.jar:/Users/udanakodikara/.m2/repository/org/seleniumhq/selenium/selenium-manager/4.26.0/selenium-manager-4.26.0.jar:/Users/udanakodikara/.m2/repository/org/seleniumhq/selenium/selenium-firefox-driver/4.26.0/selenium-firefox-driver-4.26.0.jar:/Users/udanakodikara/.m2/repository/org/seleniumhq/selenium/selenium-http/4.26.0/selenium-http-4.26.0.jar:/Users/udanakodikara/.m2/repository/dev/failsafe/failsafe/3.3.2/failsafe-3.3.2.jar:/Users/udanakodikara/.m2/repository/org/seleniumhq/selenium/selenium-edge-driver/4.26.0/selenium-edge-driver-4.26.0.jar:/Users/udanakodikara/.m2/repository/org/seleniumhq/selenium/selenium-ie-driver/4.26.0/selenium-ie-driver-4.26.0.jar:/Users/udanakodikara/.m2/repository/org/htmlunit/htmlunit/4.5.0/htmlunit-4.5.0.jar:/Users/udanakodikara/.m2/repository/org/apache/httpcomponents/httpmime/4.5.14/httpmime-4.5.14.jar:/Users/udanakodikara/.m2/repository/org/htmlunit/htmlunit-core-js/4.5.0/htmlunit-core-js-4.5.0.jar:/Users/udanakodikara/.m2/repository/org/htmlunit/neko-htmlunit/4.5.0/neko-htmlunit-4.5.0.jar:/Users/udanakodikara/.m2/repository/org/htmlunit/htmlunit-cssparser/4.5.0/htmlunit-cssparser-4.5.0.jar:/Users/udanakodikara/.m2/repository/org/htmlunit/htmlunit-xpath/4.5.0/htmlunit-xpath-4.5.0.jar:/Users/udanakodikara/.m2/repository/org/htmlunit/htmlunit-csp/4.5.0/htmlunit-csp-4.5.0.jar:/Users/udanakodikara/.m2/repository/org/htmlunit/htmlunit-websocket-client/4.5.0/htmlunit-websocket-client-4.5.0.jar:/Users/udanakodikara/.m2/repository/org/brotli/dec/0.1.2/dec-0.1.2.jar:/Users/udanakodikara/.m2/repository/org/seleniumhq/selenium/htmlunit3-driver/4.25.0/htmlunit3-driver-4.25.0.jar:/Users/udanakodikara/.m2/repository/io/appium/java-client/9.3.0/java-client-9.3.0.jar:/Users/udanakodikara/.m2/repository/org/apache/groovy/groovy/4.0.23/groovy-4.0.23.jar:/Users/udanakodikara/.m2/repository/net/sf/opencsv/opencsv/2.3/opencsv-2.3.jar:/Users/udanakodikara/.m2/repository/org/apache/commons/commons-lang3/3.17.0/commons-lang3-3.17.0.jar:/Users/udanakodikara/.m2/repository/org/apache/commons/commons-compress/1.27.1/commons-compress-1.27.1.jar:/Users/udanakodikara/.m2/repository/org/fluentlenium/fluentlenium-core/0.10.2/fluentlenium-core-0.10.2.jar:/Users/udanakodikara/.m2/repository/com/jhlabs/filters/2.0.235/filters-2.0.235.jar:/Users/udanakodikara/.m2/repository/com/paulhammant/ngwebdriver/1.2/ngwebdriver-1.2.jar:/Users/udanakodikara/.m2/repository/joda-time/joda-time/2.13.0/joda-time-2.13.0.jar:/Users/udanakodikara/.m2/repository/org/hamcrest/hamcrest/2.2/hamcrest-2.2.jar:/Users/udanakodikara/.m2/repository/com/google/jimfs/jimfs/1.3.0/jimfs-1.3.0.jar:/Users/udanakodikara/.m2/repository/org/mockito/mockito-core/3.3.3/mockito-core-3.3.3.jar:/Users/udanakodikara/.m2/repository/javax/xml/bind/jaxb-api/2.3.1/jaxb-api-2.3.1.jar:/Users/udanakodikara/.m2/repository/javax/activation/javax.activation-api/1.2.0/javax.activation-api-1.2.0.jar:/Users/udanakodikara/.m2/repository/com/sun/xml/bind/jaxb-core/2.3.0.1/jaxb-core-2.3.0.1.jar:/Users/udanakodikara/.m2/repository/com/sun/xml/bind/jaxb-impl/2.3.3/jaxb-impl-2.3.3.jar:/Users/udanakodikara/.m2/repository/jakarta/xml/bind/jakarta.xml.bind-api/2.3.3/jakarta.xml.bind-api-2.3.3.jar:/Users/udanakodikara/.m2/repository/com/sun/activation/jakarta.activation/1.2.2/jakarta.activation-1.2.2.jar:/Users/udanakodikara/.m2/repository/javax/activation/activation/1.1.1/activation-1.1.1.jar:/Users/udanakodikara/.m2/repository/net/serenity-bdd/serenity-cucumber/4.2.8/serenity-cucumber-4.2.8.jar:/Users/udanakodikara/.m2/repository/io/cucumber/cucumber-core/7.20.1/cucumber-core-7.20.1.jar:/Users/udanakodikara/.m2/repository/io/cucumber/cucumber-gherkin/7.20.1/cucumber-gherkin-7.20.1.jar:/Users/udanakodikara/.m2/repository/io/cucumber/cucumber-gherkin-messages/7.20.1/cucumber-gherkin-messages-7.20.1.jar:/Users/udanakodikara/.m2/repository/io/cucumber/gherkin/28.0.0/gherkin-28.0.0.jar:/Users/udanakodikara/.m2/repository/io/cucumber/messages/24.1.0/messages-24.1.0.jar:/Users/udanakodikara/.m2/repository/io/cucumber/testng-xml-formatter/0.2.0/testng-xml-formatter-0.2.0.jar:/Users/udanakodikara/.m2/repository/io/cucumber/query/12.2.0/query-12.2.0.jar:/Users/udanakodikara/.m2/repository/io/cucumber/cucumber-expressions/17.1.0/cucumber-expressions-17.1.0.jar:/Users/udanakodikara/.m2/repository/io/cucumber/datatable/7.20.1/datatable-7.20.1.jar:/Users/udanakodikara/.m2/repository/io/cucumber/cucumber-plugin/7.20.1/cucumber-plugin-7.20.1.jar:/Users/udanakodikara/.m2/repository/io/cucumber/docstring/7.20.1/docstring-7.20.1.jar:/Users/udanakodikara/.m2/repository/io/cucumber/html-formatter/21.7.0/html-formatter-21.7.0.jar:/Users/udanakodikara/.m2/repository/io/cucumber/junit-xml-formatter/0.5.0/junit-xml-formatter-0.5.0.jar:/Users/udanakodikara/.m2/repository/io/cucumber/ci-environment/10.0.1/ci-environment-10.0.1.jar:/Users/udanakodikara/.m2/repository/io/cucumber/cucumber-java/7.20.1/cucumber-java-7.20.1.jar:/Users/udanakodikara/.m2/repository/io/cucumber/cucumber-junit/7.20.1/cucumber-junit-7.20.1.jar:/Users/udanakodikara/.m2/repository/org/apache/commons/commons-csv/1.12.0/commons-csv-1.12.0.jar:/Users/udanakodikara/.m2/repository/net/serenity-bdd/serenity-screenplay/4.2.8/serenity-screenplay-4.2.8.jar:/Users/udanakodikara/.m2/repository/net/serenity-bdd/serenity-screenplay-webdriver/4.2.8/serenity-screenplay-webdriver-4.2.8.jar:/Users/udanakodikara/.m2/repository/net/serenity-bdd/serenity-ensure/4.2.8/serenity-ensure-4.2.8.jar:/Users/udanakodikara/.m2/repository/org/jetbrains/kotlin/kotlin-stdlib/2.0.21/kotlin-stdlib-2.0.21.jar:/Users/udanakodikara/.m2/repository/org/jetbrains/annotations/13.0/annotations-13.0.jar:/Users/udanakodikara/.m2/repository/net/serenity-bdd/serenity-junit5/4.2.8/serenity-junit5-4.2.8.jar:/Users/udanakodikara/.m2/repository/io/cucumber/tag-expressions/6.1.1/tag-expressions-6.1.1.jar:/Users/udanakodikara/.m2/repository/org/junit/jupiter/junit-jupiter-params/5.11.1/junit-jupiter-params-5.11.1.jar:/Users/udanakodikara/.m2/repository/junit/junit/4.13.2/junit-4.13.2.jar:/Users/udanakodikara/.m2/repository/org/junit/platform/junit-platform-launcher/1.11.3/junit-platform-launcher-1.11.3.jar:/Users/udanakodikara/.m2/repository/org/junit/platform/junit-platform-engine/1.11.3/junit-platform-engine-1.11.3.jar:/Users/udanakodikara/.m2/repository/org/apiguardian/apiguardian-api/1.1.2/apiguardian-api-1.1.2.jar:/Users/udanakodikara/.m2/repository/io/cucumber/cucumber-junit-platform-engine/7.20.1/cucumber-junit-platform-engine-7.20.1.jar:/Users/udanakodikara/.m2/repository/org/junit/platform/junit-platform-suite/1.11.3/junit-platform-suite-1.11.3.jar:/Users/udanakodikara/.m2/repository/org/junit/platform/junit-platform-suite-api/1.11.3/junit-platform-suite-api-1.11.3.jar:/Users/udanakodikara/.m2/repository/org/junit/platform/junit-platform-suite-engine/1.11.3/junit-platform-suite-engine-1.11.3.jar:/Users/udanakodikara/.m2/repository/org/junit/platform/junit-platform-suite-commons/1.11.3/junit-platform-suite-commons-1.11.3.jar:/Users/udanakodikara/.m2/repository/org/junit/jupiter/junit-jupiter-engine/5.11.3/junit-jupiter-engine-5.11.3.jar:/Users/udanakodikara/.m2/repository/org/junit/jupiter/junit-jupiter-api/5.11.3/junit-jupiter-api-5.11.3.jar:/Users/udanakodikara/.m2/repository/org/opentest4j/opentest4j/1.3.0/opentest4j-1.3.0.jar:/Users/udanakodikara/.m2/repository/org/junit/platform/junit-platform-commons/1.11.3/junit-platform-commons-1.11.3.jar:/Users/udanakodikara/.m2/repository/org/junit/vintage/junit-vintage-engine/5.11.3/junit-vintage-engine-5.11.3.jar:/Users/udanakodikara/.m2/repository/net/serenity-bdd/serenity-rest-assured/4.2.8/serenity-rest-assured-4.2.8.jar:/Users/udanakodikara/.m2/repository/io/rest-assured/rest-assured/5.5.0/rest-assured-5.5.0.jar:/Users/udanakodikara/.m2/repository/org/ccil/cowan/tagsoup/tagsoup/1.2.1/tagsoup-1.2.1.jar:/Users/udanakodikara/.m2/repository/io/rest-assured/json-path/5.5.0/json-path-5.5.0.jar:/Users/udanakodikara/.m2/repository/io/rest-assured/rest-assured-common/5.5.0/rest-assured-common-5.5.0.jar:/Users/udanakodikara/.m2/repository/io/rest-assured/xml-path/5.5.0/xml-path-5.5.0.jar:/Users/udanakodikara/.m2/repository/org/apache/groovy/groovy-json/4.0.23/groovy-json-4.0.23.jar:/Users/udanakodikara/.m2/repository/org/apache/groovy/groovy-xml/4.0.23/groovy-xml-4.0.23.jar:/Users/udanakodikara/.m2/repository/ch/qos/logback/logback-classic/1.5.15/logback-classic-1.5.15.jar:/Users/udanakodikara/.m2/repository/ch/qos/logback/logback-core/1.5.15/logback-core-1.5.15.jar:/Users/udanakodikara/.m2/repository/org/slf4j/slf4j-api/2.0.15/slf4j-api-2.0.15.jar:/Users/udanakodikara/.m2/repository/org/assertj/assertj-core/3.27.0/assertj-core-3.27.0.jar:/Users/udanakodikara/.m2/repository/net/bytebuddy/byte-buddy/1.15.11/byte-buddy-1.15.11.jar:"/>
    <property name="sun.cpu.endian" value="little"/>
    <property name="user.home" value="/Users/udanakodikara"/>
    <property name="user.language" value="en"/>
    <property name="java.specification.vendor" value="Oracle Corporation"/>
    <property name="java.version.date" value="2023-09-19"/>
    <property name="java.home" value="/opt/homebrew/Cellar/openjdk/21/libexec/openjdk.jdk/Contents/Home"/>
    <property name="file.separator" value="/"/>
    <property name="basedir" value="/Users/udanakodikara/Documents/UOM/Level 4/ITQA/Group Project/Main Project/IT-Quality-Assurance-Assignment"/>
    <property name="java.vm.compressedOopsMode" value="Zero based"/>
    <property name="line.separator" value="&#10;"/>
    <property name="java.vm.specification.vendor" value="Oracle Corporation"/>
    <property name="java.specification.name" value="Java Platform API Specification"/>
    <property name="apple.awt.application.name" value="ForkedBooter"/>
    <property name="surefire.real.class.path" value="/Users/udanakodikara/Documents/UOM/Level 4/ITQA/Group Project/Main Project/IT-Quality-Assurance-Assignment/target/surefire/surefirebooter-20241227030139288_3.jar"/>
    <property name="java.protocol.handler.pkgs" value="com.google.common"/>
    <property name="sun.management.compiler" value="HotSpot 64-Bit Tiered Compilers"/>
    <property name="ftp.nonProxyHosts" value="local|*.local|169.254/16|*.169.254/16"/>
    <property name="java.runtime.version" value="21"/>
    <property name="user.name" value="udanakodikara"/>
    <property name="stdout.encoding" value="UTF-8"/>
    <property name="path.separator" value=":"/>
    <property name="os.version" value="15.1.1"/>
    <property name="java.runtime.name" value="OpenJDK Runtime Environment"/>
    <property name="file.encoding" value="UTF-8"/>
    <property name="java.vm.name" value="OpenJDK 64-Bit Server VM"/>
    <property name="java.vendor.version" value="Homebrew"/>
    <property name="localRepository" value="/Users/udanakodikara/.m2/repository"/>
    <property name="java.vendor.url.bug" value="https://github.com/Homebrew/homebrew-core/issues"/>
    <property name="java.io.tmpdir" value="/var/folders/z5/l8nvlymd15d0nltnkwwlpc1m0000gn/T/"/>
    <property name="java.version" value="21"/>
    <property name="user.dir" value="/Users/udanakodikara/Documents/UOM/Level 4/ITQA/Group Project/Main Project/IT-Quality-Assurance-Assignment"/>
    <property name="os.arch" value="aarch64"/>
    <property name="java.vm.specification.name" value="Java Virtual Machine Specification"/>
    <property name="native.encoding" value="UTF-8"/>
    <property name="java.library.path" value="/Users/udanakodikara/Library/Java/Extensions:/Library/Java/Extensions:/Network/Library/Java/Extensions:/System/Library/Java/Extensions:/usr/lib/java:."/>
    <property name="java.vm.info" value="mixed mode, sharing"/>
    <property name="stderr.encoding" value="UTF-8"/>
    <property name="java.vendor" value="Homebrew"/>
    <property name="java.vm.version" value="21"/>
    <property name="sun.io.unicode.encoding" value="UnicodeBig"/>
    <property name="socksNonProxyHosts" value="local|*.local|169.254/16|*.169.254/16"/>
    <property name="java.class.version" value="65.0"/>
  </properties>
  <testcase name="Searching for a single product" classname="Search Functionality on Daraz.lk" time="174.966">
    <system-out><![CDATA[03:01:40.604 [main] DEBUG io.cucumber.core.plugin.SerenityReporter -- Running feature from file:///Users/udanakodikara/Documents/UOM/Level%204/ITQA/Group%20Project/Main%20Project/IT-Quality-Assurance-Assignment/src/test/resources/features/search.feature
03:01:40.632 [main] INFO  -- 

-------------------------------------------------------------------------------------
     _______. _______ .______       _______ .__   __.  __  .___________.____    ____ 
    /       ||   ____||   _  \     |   ____||  \ |  | |  | |           |\   \  /   / 
   |   (----`|  |__   |  |_)  |    |  |__   |   \|  | |  | `---|  |----` \   \/   /  
    \   \    |   __|  |      /     |   __|  |  . `  | |  |     |  |       \_    _/   
.----)   |   |  |____ |  |\  \----.|  |____ |  |\   | |  |     |  |         |  |     
|_______/    |_______|| _| `._____||_______||__| \__| |__|     |__|         |__|    
                                                                                     
 News and tutorials at https://serenity-bdd.info                                     
 Documentation at https://serenity-bdd.github.io                                     
 Test Automation Training and Coaching: https://www.serenity-dojo.com                
 Commercial Support: https://www.serenity-dojo.com/serenity-bdd-enterprise-support   
 Join the Serenity Community on Gitter: https://gitter.im/serenity-bdd/serenity-core 
-------------------------------------------------------------------------------------

03:01:40.637 [main] DEBUG net.thucydides.core.steps.StepEventBus -- Test suite started for story net.thucydides.model.domain.Story@3f4cb500
03:01:40.638 [main] INFO  -- Test Suite Started: Search Functionality on Daraz.lk
03:01:40.697 [main] DEBUG io.cucumber.core.plugin.SerenityReporter -- Running feature from file:///Users/udanakodikara/Documents/UOM/Level%204/ITQA/Group%20Project/Main%20Project/IT-Quality-Assurance-Assignment/src/test/resources/features/search.feature
03:01:40.698 [main] DEBUG net.thucydides.core.steps.StepEventBus -- Test suite started for story net.thucydides.model.domain.Story@3f4cb500
03:01:40.698 [main] INFO  -- Test Suite Started: Search Functionality on Daraz.lk

Scenario: Searching for a single product               &amp#27;[90m# src/test/resources/features/search.feature:3&amp#27;[0m
03:01:40.740 [main] DEBUG io.cucumber.core.plugin.SerenityReporter -- Running feature from file:///Users/udanakodikara/Documents/UOM/Level%204/ITQA/Group%20Project/Main%20Project/IT-Quality-Assurance-Assignment/src/test/resources/features/search.feature
03:01:40.746 [main] INFO  -- 
  _____   ___   ___   _____     ___   _____     _     ___   _____   ___   ___  
 |_   _| | __| / __| |_   _|   / __| |_   _|   /_\   | _ \ |_   _| | __| |   \ 
   | |   | _|  \__ \   | |     \__ \   | |    / _ \  |   /   | |   | _|  | |) |
   |_|   |___| |___/   |_|     |___/   |_|   /_/ \_\ |_|_\   |_|   |___| |___/ 

Searching for a single product(search-functionality-on-daraz.lk;searching-for-a-single-product)
--------------------------------------------------------------------------------
03:01:41.123 [main] INFO net.serenitybdd.core.webdriver.driverproviders.ChromeDriverProvider -- Starting Chrome driver instance with capabilities:
03:01:41.124 [main] INFO net.serenitybdd.core.webdriver.driverproviders.ChromeDriverProvider -- Capabilities {acceptInsecureCerts: false, browserName: chrome, goog:chromeOptions: {args: [remote-allow-origins=*], extensions: []}}
  &amp#27;[32mGiven &amp#27;[0m&amp#27;[32mI open the Daraz.lk homepage&amp#27;[0m                   &amp#27;[90m# steps.SearchSteps.i_open_the_daraz_lk_homepage()&amp#27;[0m
03:03:08.052 [main] DEBUG net.serenitybdd.core.photography.Darkroom -- Opening darkroom
03:03:08.052 [Darkroom Processing Line] DEBUG net.serenitybdd.core.photography.DarkroomProcessingLine -- Darkroom processing line starting up
03:03:08.805 [main] DEBUG net.serenitybdd.core.photography.Darkroom -- Send negative for processing for /Users/udanakodikara/Documents/UOM/Level 4/ITQA/Group Project/Main Project/IT-Quality-Assurance-Assignment/target/site/serenity/ba31045bb53d19a90f297a894da97df735fe824d9b99db6424444241c08cd389.png
03:03:08.806 [Darkroom Processing Line] DEBUG net.serenitybdd.core.photography.DarkroomProcessingLine -- Processing screenshot image in /var/screenshots/screenshot-13246431638421840720
03:03:08.806 [Darkroom Processing Line] DEBUG net.serenitybdd.core.photography.DarkroomProcessingLine -- Saving screenshot to /Users/udanakodikara/Documents/UOM/Level 4/ITQA/Group Project/Main Project/IT-Quality-Assurance-Assignment/target/site/serenity/ba31045bb53d19a90f297a894da97df735fe824d9b99db6424444241c08cd389.png
  &amp#27;[32mWhen &amp#27;[0m&amp#27;[32mI search for &amp#27;[0m&amp#27;[32m&amp#27;[1m"laptop"&amp#27;[0m                           &amp#27;[90m# steps.SearchSteps.i_search_for(java.lang.String)&amp#27;[0m
03:04:34.908 [main] DEBUG net.serenitybdd.core.photography.Darkroom -- Send negative for processing for /Users/udanakodikara/Documents/UOM/Level 4/ITQA/Group Project/Main Project/IT-Quality-Assurance-Assignment/target/site/serenity/3edfb091e21cfcc823d5e6a9994e08ba28d4727aaeb85cda66657fbb188bda48.png
03:04:34.909 [Darkroom Processing Line] DEBUG net.serenitybdd.core.photography.DarkroomProcessingLine -- Processing screenshot image in /var/screenshots/screenshot-7431477294399436585
03:04:34.910 [Darkroom Processing Line] DEBUG net.serenitybdd.core.photography.DarkroomProcessingLine -- Saving screenshot to /Users/udanakodikara/Documents/UOM/Level 4/ITQA/Group Project/Main Project/IT-Quality-Assurance-Assignment/target/site/serenity/3edfb091e21cfcc823d5e6a9994e08ba28d4727aaeb85cda66657fbb188bda48.png
  &amp#27;[32mThen &amp#27;[0m&amp#27;[32mI should see search results related to &amp#27;[0m&amp#27;[32m&amp#27;[1m"laptop"&amp#27;[0m &amp#27;[90m# steps.SearchSteps.i_should_see_search_results_related_to(java.lang.String)&amp#27;[0m
03:04:35.343 [main] DEBUG net.serenitybdd.core.photography.Darkroom -- Send negative for processing for /Users/udanakodikara/Documents/UOM/Level 4/ITQA/Group Project/Main Project/IT-Quality-Assurance-Assignment/target/site/serenity/3edfb091e21cfcc823d5e6a9994e08ba28d4727aaeb85cda66657fbb188bda48.png
03:04:35.366 [main] INFO  -- 
  _____   ___   ___   _____     ___     _     ___   ___   ___   ___  
 |_   _| | __| / __| |_   _|   | _ \   /_\   / __| / __| | __| |   \ 
   | |   | _|  \__ \   | |     |  _/  / _ \  \__ \ \__ \ | _|  | |) |
   |_|   |___| |___/   |_|     |_|   /_/ \_\ |___/ |___/ |___| |___/ 

Searching for a single product
----------------------------------------------------------------------
]]></system-out>
    <system-err><![CDATA[SLF4J(I): Connected with provider of type [ch.qos.logback.classic.spi.LogbackServiceProvider]
WARNING: A Java agent has been loaded dynamically (/Users/udanakodikara/.m2/repository/net/bytebuddy/byte-buddy-agent/1.15.2/byte-buddy-agent-1.15.2.jar)
WARNING: If a serviceability tool is in use, please run with -XX:+EnableDynamicAgentLoading to hide this warning
WARNING: If a serviceability tool is not in use, please run with -Djdk.instrument.traceUsage for more information
WARNING: Dynamic loading of agents will be disallowed by default in a future release
Dec 27, 2024 3:01:43 AM org.openqa.selenium.devtools.CdpVersionFinder findNearestMatch
WARNING: Unable to find an exact match for CDP version 131, returning the closest version; found: 130; Please update to a Selenium version that supports CDP version 131
]]></system-err>
  </testcase>
  <testcase name="Searching for a product with multiple keywords" classname="Search Functionality on Daraz.lk" time="144.214">
    <system-out><![CDATA[
Scenario: Searching for a product with multiple keywords      &amp#27;[90m# src/test/resources/features/search.feature:8&amp#27;[0m
03:04:35.677 [main] DEBUG io.cucumber.core.plugin.SerenityReporter -- Running feature from file:///Users/udanakodikara/Documents/UOM/Level%204/ITQA/Group%20Project/Main%20Project/IT-Quality-Assurance-Assignment/src/test/resources/features/search.feature
03:04:35.677 [main] INFO  -- 
  _____   ___   ___   _____     ___   _____     _     ___   _____   ___   ___  
 |_   _| | __| / __| |_   _|   / __| |_   _|   /_\   | _ \ |_   _| | __| |   \ 
   | |   | _|  \__ \   | |     \__ \   | |    / _ \  |   /   | |   | _|  | |) |
   |_|   |___| |___/   |_|     |___/   |_|   /_/ \_\ |_|_\   |_|   |___| |___/ 

Searching for a product with multiple keywords(search-functionality-on-daraz.lk;searching-for-a-product-with-multiple-keywords)
--------------------------------------------------------------------------------
03:04:35.739 [main] INFO net.serenitybdd.core.webdriver.driverproviders.ChromeDriverProvider -- Starting Chrome driver instance with capabilities:
03:04:35.740 [main] INFO net.serenitybdd.core.webdriver.driverproviders.ChromeDriverProvider -- Capabilities {acceptInsecureCerts: false, browserName: chrome, goog:chromeOptions: {args: [remote-allow-origins=*], extensions: []}}
  &amp#27;[32mGiven &amp#27;[0m&amp#27;[32mI open the Daraz.lk homepage&amp#27;[0m                          &amp#27;[90m# steps.SearchSteps.i_open_the_daraz_lk_homepage()&amp#27;[0m
03:05:36.665 [main] DEBUG net.serenitybdd.core.photography.Darkroom -- Send negative for processing for /Users/udanakodikara/Documents/UOM/Level 4/ITQA/Group Project/Main Project/IT-Quality-Assurance-Assignment/target/site/serenity/39175f9cadaa9f9c5719fe70ce0f3a829f18ef50e9d1d3cbed896ca25eb96341.png
03:05:36.668 [Darkroom Processing Line] DEBUG net.serenitybdd.core.photography.DarkroomProcessingLine -- Processing screenshot image in /var/screenshots/screenshot-1339563538527245002
03:05:36.669 [Darkroom Processing Line] DEBUG net.serenitybdd.core.photography.DarkroomProcessingLine -- Saving screenshot to /Users/udanakodikara/Documents/UOM/Level 4/ITQA/Group Project/Main Project/IT-Quality-Assurance-Assignment/target/site/serenity/39175f9cadaa9f9c5719fe70ce0f3a829f18ef50e9d1d3cbed896ca25eb96341.png
  &amp#27;[32mWhen &amp#27;[0m&amp#27;[32mI search for &amp#27;[0m&amp#27;[32m&amp#27;[1m"gaming laptop"&amp#27;[0m                           &amp#27;[90m# steps.SearchSteps.i_search_for(java.lang.String)&amp#27;[0m
03:06:58.964 [main] DEBUG net.serenitybdd.core.photography.Darkroom -- Send negative for processing for /Users/udanakodikara/Documents/UOM/Level 4/ITQA/Group Project/Main Project/IT-Quality-Assurance-Assignment/target/site/serenity/50bb29a7b8a396092081d45081f43924d65d30e99303e581789e9924c26d6dff.png
03:06:58.967 [Darkroom Processing Line] DEBUG net.serenitybdd.core.photography.DarkroomProcessingLine -- Processing screenshot image in /var/screenshots/screenshot-17434206839993798541
03:06:58.967 [Darkroom Processing Line] DEBUG net.serenitybdd.core.photography.DarkroomProcessingLine -- Saving screenshot to /Users/udanakodikara/Documents/UOM/Level 4/ITQA/Group Project/Main Project/IT-Quality-Assurance-Assignment/target/site/serenity/50bb29a7b8a396092081d45081f43924d65d30e99303e581789e9924c26d6dff.png
  &amp#27;[32mThen &amp#27;[0m&amp#27;[32mI should see search results related to &amp#27;[0m&amp#27;[32m&amp#27;[1m"gaming laptop"&amp#27;[0m &amp#27;[90m# steps.SearchSteps.i_should_see_search_results_related_to(java.lang.String)&amp#27;[0m
03:06:59.541 [main] DEBUG net.serenitybdd.core.photography.Darkroom -- Send negative for processing for /Users/udanakodikara/Documents/UOM/Level 4/ITQA/Group Project/Main Project/IT-Quality-Assurance-Assignment/target/site/serenity/2e4bbe822736556e5370e4635c684abf280269f45e39437ec44ce25a18eb13dd.png
03:06:59.541 [Darkroom Processing Line] DEBUG net.serenitybdd.core.photography.DarkroomProcessingLine -- Processing screenshot image in /var/screenshots/screenshot-3205405112166175561
03:06:59.541 [Darkroom Processing Line] DEBUG net.serenitybdd.core.photography.DarkroomProcessingLine -- Saving screenshot to /Users/udanakodikara/Documents/UOM/Level 4/ITQA/Group Project/Main Project/IT-Quality-Assurance-Assignment/target/site/serenity/2e4bbe822736556e5370e4635c684abf280269f45e39437ec44ce25a18eb13dd.png
03:06:59.544 [main] INFO  -- 
  _____   ___   ___   _____     ___     _     ___   ___   ___   ___  
 |_   _| | __| / __| |_   _|   | _ \   /_\   / __| / __| | __| |   \ 
   | |   | _|  \__ \   | |     |  _/  / _ \  \__ \ \__ \ | _|  | |) |
   |_|   |___| |___/   |_|     |_|   /_/ \_\ |___/ |___/ |___| |___/ 

Searching for a product with multiple keywords
----------------------------------------------------------------------
]]></system-out>
    <system-err><![CDATA[Dec 27, 2024 3:04:37 AM org.openqa.selenium.devtools.CdpVersionFinder findNearestMatch
WARNING: Unable to find an exact match for CDP version 131, returning the closest version; found: 130; Please update to a Selenium version that supports CDP version 131
]]></system-err>
  </testcase>
  <testcase name="Searching for a product with special characters" classname="Search Functionality on Daraz.lk" time="156.385">
    <system-out><![CDATA[
Scenario: Searching for a product with special characters             &amp#27;[90m# src/test/resources/features/search.feature:13&amp#27;[0m
03:06:59.891 [main] DEBUG io.cucumber.core.plugin.SerenityReporter -- Running feature from file:///Users/udanakodikara/Documents/UOM/Level%204/ITQA/Group%20Project/Main%20Project/IT-Quality-Assurance-Assignment/src/test/resources/features/search.feature
03:06:59.892 [main] INFO  -- 
  _____   ___   ___   _____     ___   _____     _     ___   _____   ___   ___  
 |_   _| | __| / __| |_   _|   / __| |_   _|   /_\   | _ \ |_   _| | __| |   \ 
   | |   | _|  \__ \   | |     \__ \   | |    / _ \  |   /   | |   | _|  | |) |
   |_|   |___| |___/   |_|     |___/   |_|   /_/ \_\ |_|_\   |_|   |___| |___/ 

Searching for a product with special characters(search-functionality-on-daraz.lk;searching-for-a-product-with-special-characters)
--------------------------------------------------------------------------------
03:06:59.926 [main] INFO net.serenitybdd.core.webdriver.driverproviders.ChromeDriverProvider -- Starting Chrome driver instance with capabilities:
03:06:59.926 [main] INFO net.serenitybdd.core.webdriver.driverproviders.ChromeDriverProvider -- Capabilities {acceptInsecureCerts: false, browserName: chrome, goog:chromeOptions: {args: [remote-allow-origins=*], extensions: []}}
  &amp#27;[32mGiven &amp#27;[0m&amp#27;[32mI open the Daraz.lk homepage&amp#27;[0m                                  &amp#27;[90m# steps.SearchSteps.i_open_the_daraz_lk_homepage()&amp#27;[0m
03:07:36.606 [main] DEBUG net.serenitybdd.core.photography.Darkroom -- Send negative for processing for /Users/udanakodikara/Documents/UOM/Level 4/ITQA/Group Project/Main Project/IT-Quality-Assurance-Assignment/target/site/serenity/376f7ba38af422aa12f09af9edc25a4490766de7a401e9ba5da6f0da63b48923.png
03:07:36.608 [Darkroom Processing Line] DEBUG net.serenitybdd.core.photography.DarkroomProcessingLine -- Processing screenshot image in /var/screenshots/screenshot-7047216151119853539
03:07:36.609 [Darkroom Processing Line] DEBUG net.serenitybdd.core.photography.DarkroomProcessingLine -- Saving screenshot to /Users/udanakodikara/Documents/UOM/Level 4/ITQA/Group Project/Main Project/IT-Quality-Assurance-Assignment/target/site/serenity/376f7ba38af422aa12f09af9edc25a4490766de7a401e9ba5da6f0da63b48923.png
  &amp#27;[32mWhen &amp#27;[0m&amp#27;[32mI search for &amp#27;[0m&amp#27;[32m&amp#27;[1m"laptop - 2022 edition"&amp#27;[0m                           &amp#27;[90m# steps.SearchSteps.i_search_for(java.lang.String)&amp#27;[0m
03:09:35.744 [main] DEBUG net.serenitybdd.core.photography.Darkroom -- Send negative for processing for /Users/udanakodikara/Documents/UOM/Level 4/ITQA/Group Project/Main Project/IT-Quality-Assurance-Assignment/target/site/serenity/eeb409c2e8aca3dc1692e119893b820ad8a2aa12d302b61b10f9d1342e4be556.png
03:09:35.745 [Darkroom Processing Line] DEBUG net.serenitybdd.core.photography.DarkroomProcessingLine -- Processing screenshot image in /var/screenshots/screenshot-15231506226152436276
03:09:35.745 [Darkroom Processing Line] DEBUG net.serenitybdd.core.photography.DarkroomProcessingLine -- Saving screenshot to /Users/udanakodikara/Documents/UOM/Level 4/ITQA/Group Project/Main Project/IT-Quality-Assurance-Assignment/target/site/serenity/eeb409c2e8aca3dc1692e119893b820ad8a2aa12d302b61b10f9d1342e4be556.png
  &amp#27;[32mThen &amp#27;[0m&amp#27;[32mI should see search results related to &amp#27;[0m&amp#27;[32m&amp#27;[1m"laptop - 2022 edition"&amp#27;[0m &amp#27;[90m# steps.SearchSteps.i_should_see_search_results_related_to(java.lang.String)&amp#27;[0m
03:09:36.025 [main] DEBUG net.serenitybdd.core.photography.Darkroom -- Send negative for processing for /Users/udanakodikara/Documents/UOM/Level 4/ITQA/Group Project/Main Project/IT-Quality-Assurance-Assignment/target/site/serenity/eeb409c2e8aca3dc1692e119893b820ad8a2aa12d302b61b10f9d1342e4be556.png
03:09:36.026 [main] INFO  -- 
  _____   ___   ___   _____     ___     _     ___   ___   ___   ___  
 |_   _| | __| / __| |_   _|   | _ \   /_\   / __| / __| | __| |   \ 
   | |   | _|  \__ \   | |     |  _/  / _ \  \__ \ \__ \ | _|  | |) |
   |_|   |___| |___/   |_|     |_|   /_/ \_\ |___/ |___/ |___| |___/ 

Searching for a product with special characters
----------------------------------------------------------------------
]]></system-out>
    <system-err><![CDATA[Dec 27, 2024 3:07:02 AM org.openqa.selenium.devtools.CdpVersionFinder findNearestMatch
WARNING: Unable to find an exact match for CDP version 131, returning the closest version; found: 130; Please update to a Selenium version that supports CDP version 131
]]></system-err>
  </testcase>
  <testcase name="Searching for a non-existent product" classname="Search Functionality on Daraz.lk" time="120.026">
    <system-out><![CDATA[
Scenario: Searching for a non-existent product                        &amp#27;[90m# src/test/resources/features/search.feature:18&amp#27;[0m
03:09:36.274 [main] DEBUG io.cucumber.core.plugin.SerenityReporter -- Running feature from file:///Users/udanakodikara/Documents/UOM/Level%204/ITQA/Group%20Project/Main%20Project/IT-Quality-Assurance-Assignment/src/test/resources/features/search.feature
03:09:36.274 [main] INFO  -- 
  _____   ___   ___   _____     ___   _____     _     ___   _____   ___   ___  
 |_   _| | __| / __| |_   _|   / __| |_   _|   /_\   | _ \ |_   _| | __| |   \ 
   | |   | _|  \__ \   | |     \__ \   | |    / _ \  |   /   | |   | _|  | |) |
   |_|   |___| |___/   |_|     |___/   |_|   /_/ \_\ |_|_\   |_|   |___| |___/ 

Searching for a non-existent product(search-functionality-on-daraz.lk;searching-for-a-non-existent-product)
--------------------------------------------------------------------------------
03:09:36.313 [main] INFO net.serenitybdd.core.webdriver.driverproviders.ChromeDriverProvider -- Starting Chrome driver instance with capabilities:
03:09:36.314 [main] INFO net.serenitybdd.core.webdriver.driverproviders.ChromeDriverProvider -- Capabilities {acceptInsecureCerts: false, browserName: chrome, goog:chromeOptions: {args: [remote-allow-origins=*], extensions: []}}
  &amp#27;[32mGiven &amp#27;[0m&amp#27;[32mI open the Daraz.lk homepage&amp#27;[0m                                  &amp#27;[90m# steps.SearchSteps.i_open_the_daraz_lk_homepage()&amp#27;[0m
03:10:26.863 [main] DEBUG net.serenitybdd.core.photography.Darkroom -- Send negative for processing for /Users/udanakodikara/Documents/UOM/Level 4/ITQA/Group Project/Main Project/IT-Quality-Assurance-Assignment/target/site/serenity/c771033b2274f6d9373f818547566f14570cfa1c40adf347c4b1b6592ce0dfbb.png
03:10:26.864 [Darkroom Processing Line] DEBUG net.serenitybdd.core.photography.DarkroomProcessingLine -- Processing screenshot image in /var/screenshots/screenshot-9796802645774468438
03:10:26.864 [Darkroom Processing Line] DEBUG net.serenitybdd.core.photography.DarkroomProcessingLine -- Saving screenshot to /Users/udanakodikara/Documents/UOM/Level 4/ITQA/Group Project/Main Project/IT-Quality-Assurance-Assignment/target/site/serenity/c771033b2274f6d9373f818547566f14570cfa1c40adf347c4b1b6592ce0dfbb.png
  &amp#27;[32mWhen &amp#27;[0m&amp#27;[32mI search for &amp#27;[0m&amp#27;[32m&amp#27;[1m"xyz123nonexistentproduct"&amp#27;[0m                        &amp#27;[90m# steps.SearchSteps.i_search_for(java.lang.String)&amp#27;[0m
03:11:35.924 [main] DEBUG net.serenitybdd.core.photography.Darkroom -- Send negative for processing for /Users/udanakodikara/Documents/UOM/Level 4/ITQA/Group Project/Main Project/IT-Quality-Assurance-Assignment/target/site/serenity/6fad6cca113a78c647e7009e619393decf39194cc5e7a5d7db5a7f50111c7840.png
03:11:35.925 [Darkroom Processing Line] DEBUG net.serenitybdd.core.photography.DarkroomProcessingLine -- Processing screenshot image in /var/screenshots/screenshot-573594620342722542
03:11:35.925 [Darkroom Processing Line] DEBUG net.serenitybdd.core.photography.DarkroomProcessingLine -- Saving screenshot to /Users/udanakodikara/Documents/UOM/Level 4/ITQA/Group Project/Main Project/IT-Quality-Assurance-Assignment/target/site/serenity/6fad6cca113a78c647e7009e619393decf39194cc5e7a5d7db5a7f50111c7840.png
  &amp#27;[32mThen &amp#27;[0m&amp#27;[32mI should see a message indicating no search results were found&amp#27;[0m &amp#27;[90m# steps.SearchSteps.i_should_see_no_results_message()&amp#27;[0m
03:11:35.953 [main] INFO  -- 
  _____   ___   ___   _____     ___     _     ___   ___   ___   ___  
 |_   _| | __| / __| |_   _|   | _ \   /_\   / __| / __| | __| |   \ 
   | |   | _|  \__ \   | |     |  _/  / _ \  \__ \ \__ \ | _|  | |) |
   |_|   |___| |___/   |_|     |_|   /_/ \_\ |___/ |___/ |___| |___/ 

Searching for a non-existent product
----------------------------------------------------------------------
]]></system-out>
    <system-err><![CDATA[Dec 27, 2024 3:09:38 AM org.openqa.selenium.devtools.CdpVersionFinder findNearestMatch
WARNING: Unable to find an exact match for CDP version 131, returning the closest version; found: 130; Please update to a Selenium version that supports CDP version 131
]]></system-err>
  </testcase>
</testsuite>